mode: set
github.com/rChrisb/awesome-api/main.go:13.13,15.44 2 0
github.com/rChrisb/awesome-api/main.go:18.3,21.58 2 0
github.com/rChrisb/awesome-api/main.go:15.44,17.4 1 0
github.com/rChrisb/awesome-api/main.go:24.32,33.2 4 0
github.com/rChrisb/awesome-api/main.go:35.65,43.2 2 0
github.com/rChrisb/awesome-api/main.go:45.59,53.26 4 1
github.com/rChrisb/awesome-api/main.go:63.3,63.17 1 1
github.com/rChrisb/awesome-api/main.go:69.3,72.57 2 1
github.com/rChrisb/awesome-api/main.go:54.13,56.22 1 0
github.com/rChrisb/awesome-api/main.go:57.14,59.28 1 1
github.com/rChrisb/awesome-api/main.go:63.17,66.4 2 1
