mode: set
github.com/rChrisb/awesome-api/main.go:13.13,15.44 2 0
github.com/rChrisb/awesome-api/main.go:18.3,21.58 2 0
github.com/rChrisb/awesome-api/main.go:15.44,17.4 1 0
github.com/rChrisb/awesome-api/main.go:24.32,34.2 5 1
github.com/rChrisb/awesome-api/main.go:36.65,44.2 2 1
github.com/rChrisb/awesome-api/main.go:46.59,54.26 4 1
github.com/rChrisb/awesome-api/main.go:64.3,64.17 1 1
github.com/rChrisb/awesome-api/main.go:70.3,73.57 2 1
github.com/rChrisb/awesome-api/main.go:55.13,57.22 1 1
github.com/rChrisb/awesome-api/main.go:58.14,60.28 1 1
github.com/rChrisb/awesome-api/main.go:64.17,67.4 2 1
